In file included from /media/curious/9665c0c6-19d2-4c58-b6dd-42d9d344dfdb/Backup/arduino-bin/arduino-1.8.19/portable/sketchbook/simple_nimh/tests/color_modular/color_modular.ino:14:
TFTGraphics.h:19:20: error: 'void TFTGraphics::display()' conflicts with a previous declaration
   19 |     void display() override;
      |                    ^~~~~~~~
/media/curious/9665c0c6-19d2-4c58-b6dd-42d9d344dfdb/Backup/arduino-bin/arduino-1.8.19/portable/sketchbook/simple_nimh/tests/color_modular/TFTGraphics.h:10:14: note: previous declaration 'TFT_eSPI TFTGraphics::display'
   10 |     TFT_eSPI display;
      |              ^~~~~~~
TFTGraphics.h:15:10: error: 'void TFTGraphics::begin()' marked 'override', but does not override
   15 |     void begin() override;
      |          ^~~~~
TFTGraphics.h:16:10: error: 'void TFTGraphics::clear()' marked 'override', but does not override
   16 |     void clear() override;
      |          ^~~~~
TFTGraphics.h:17:10: error: 'void TFTGraphics::drawPixel(int, int, int)' marked 'override', but does not override
   17 |     void drawPixel(int x, int y, int color) override;
      |          ^~~~~~~~~
TFTGraphics.h:18:10: error: 'void TFTGraphics::drawText(int, int, const String&)' marked 'override', but does not override
   18 |     void drawText(int x, int y, const String& text) override;
      |          ^~~~~~~~
TFTGraphics.h:20:10: error: 'void TFTGraphics::visualizeGrowthAnalysis(const std::vector<float>&, const std::vector<float>&, const std::vector<float>&, bool, float)' marked 'override', but does not override
   20 |     void visualizeGrowthAnalysis(
      |          ^~~~~~~~~~~~~~~~~~~~~~~
TFTGraphics.h:28:10: error: 'void TFTGraphics::displayErrorState(const String&)' marked 'override', but does not override
   28 |     void displayErrorState(const String& errorMsg) override;
      |          ^~~~~~~~~~~~~~~~~
color_modular:25:5: error: 'GraphicsInterface' does not name a type
   25 |     GraphicsInterface* graphics;
      |     ^~~~~~~~~~~~~~~~~
color_modular:28:48: error: expected ')' before '*' token
   28 |     ExponentialGrowthDetector(GraphicsInterface* gfx) : graphics(gfx) {}
      |                              ~                 ^
      |                                                )
/media/curious/9665c0c6-19d2-4c58-b6dd-42d9d344dfdb/Backup/arduino-bin/arduino-1.8.19/portable/sketchbook/simple_nimh/tests/color_modular/color_modular.ino: In member function 'void ExponentialGrowthDetector::begin()':
color_modular:29:20: error: 'graphics' was not declared in this scope; did you mean 'TFTGraphics'?
   29 |     void begin() { graphics->begin(); }
      |                    ^~~~~~~~
      |                    TFTGraphics
/media/curious/9665c0c6-19d2-4c58-b6dd-42d9d344dfdb/Backup/arduino-bin/arduino-1.8.19/portable/sketchbook/simple_nimh/tests/color_modular/color_modular.ino: In member function 'void ExponentialGrowthDetector::addDataPoint(float, float)':
color_modular:36:33: error: 'MAX_DATASET_WINDOW' was not declared in this scope
   36 |         if (timestamps.size() > MAX_DATASET_WINDOW) {
      |                                 ^~~~~~~~~~~~~~~~~~
/media/curious/9665c0c6-19d2-4c58-b6dd-42d9d344dfdb/Backup/arduino-bin/arduino-1.8.19/portable/sketchbook/simple_nimh/tests/color_modular/color_modular.ino: In member function 'bool ExponentialGrowthDetector::detectExponentialGrowth()':
color_modular:100:21: error: 'AdvancedPolynomialFitter' was not declared in this scope; did you mean 'PolynomialFitter'?
  100 |         std::vector<AdvancedPolynomialFitter::OptimizationMethod> methods = {
      |                     ^~~~~~~~~~~~~~~~~~~~~~~~
      |                     PolynomialFitter
color_modular:100:65: error: template argument 1 is invalid
  100 |         std::vector<AdvancedPolynomialFitter::OptimizationMethod> methods = {
      |                                                                 ^
color_modular:100:65: error: template argument 2 is invalid
color_modular:101:13: error: 'AdvancedPolynomialFitter' is not a class, namespace, or enumeration
  101 |             AdvancedPolynomialFitter::GRADIENT_DESCENT,
      |             ^~~~~~~~~~~~~~~~~~~~~~~~
color_modular:122:32: error: 'begin' was not declared in this scope
  122 |             for (auto method : methods) {
      |                                ^~~~~~~
/media/curious/9665c0c6-19d2-4c58-b6dd-42d9d344dfdb/Backup/arduino-bin/arduino-1.8.19/portable/sketchbook/simple_nimh/tests/color_modular/color_modular.ino:122:32: note: suggested alternatives:
In file included from /media/curious/9665c0c6-19d2-4c58-b6dd-42d9d344dfdb/Backup/arduino-bin/arduino-1.8.19/portable/packages/esp32/tools/esp-x32/2302/xtensa-esp32-elf/include/c++/12.2.0/unordered_map:48,
                 from /media/curious/9665c0c6-19d2-4c58-b6dd-42d9d344dfdb/Backup/arduino-bin/arduino-1.8.19/portable/packages/esp32/tools/esp-x32/2302/xtensa-esp32-elf/include/c++/12.2.0/functional:61,
                 from /media/curious/9665c0c6-19d2-4c58-b6dd-42d9d344dfdb/Backup/arduino-bin/arduino-1.8.19/portable/packages/esp32/hardware/esp32/3.0.5/cores/esp32/HardwareSerial.h:49,
                 from /media/curious/9665c0c6-19d2-4c58-b6dd-42d9d344dfdb/Backup/arduino-bin/arduino-1.8.19/portable/packages/esp32/hardware/esp32/3.0.5/cores/esp32/Arduino.h:200,
                 from /media/curious/9665c0c6-19d2-4c58-b6dd-42d9d344dfdb/Backup/arduino-bin/arduino-1.8.19/portable/sketchbook/simple_nimh/tests/color_modular/color_modular.ino:1:
/media/curious/9665c0c6-19d2-4c58-b6dd-42d9d344dfdb/Backup/arduino-bin/arduino-1.8.19/portable/packages/esp32/tools/esp-x32/2302/xtensa-esp32-elf/include/c++/12.2.0/bits/range_access.h:114:37: note:   'std::begin'
  114 |   template<typename _Tp> const _Tp* begin(const valarray<_Tp>&) noexcept;
      |                                     ^~~~~
In file included from /media/curious/9665c0c6-19d2-4c58-b6dd-42d9d344dfdb/Backup/arduino-bin/arduino-1.8.19/portable/packages/esp32/tools/esp-x32/2302/xtensa-esp32-elf/include/c++/12.2.0/bits/ranges_algobase.h:39,
                 from /media/curious/9665c0c6-19d2-4c58-b6dd-42d9d344dfdb/Backup/arduino-bin/arduino-1.8.19/portable/packages/esp32/tools/esp-x32/2302/xtensa-esp32-elf/include/c++/12.2.0/bits/ranges_algo.h:35,
                 from /media/curious/9665c0c6-19d2-4c58-b6dd-42d9d344dfdb/Backup/arduino-bin/arduino-1.8.19/portable/packages/esp32/tools/esp-x32/2302/xtensa-esp32-elf/include/c++/12.2.0/algorithm:63,
                 from /media/curious/9665c0c6-19d2-4c58-b6dd-42d9d344dfdb/Backup/arduino-bin/arduino-1.8.19/portable/packages/esp32/hardware/esp32/3.0.5/cores/esp32/Arduino.h:188:
/media/curious/9665c0c6-19d2-4c58-b6dd-42d9d344dfdb/Backup/arduino-bin/arduino-1.8.19/portable/packages/esp32/tools/esp-x32/2302/xtensa-esp32-elf/include/c++/12.2.0/bits/ranges_base.h:566:44: note:   'std::ranges::__cust::begin'
  566 |     inline constexpr __cust_access::_Begin begin{};
      |                                            ^~~~~
In file included from /media/curious/9665c0c6-19d2-4c58-b6dd-42d9d344dfdb/Backup/arduino-bin/arduino-1.8.19/portable/packages/esp32/tools/esp-x32/2302/xtensa-esp32-elf/include/c++/12.2.0/bits/stl_iterator_base_types.h:71,
                 from /media/curious/9665c0c6-19d2-4c58-b6dd-42d9d344dfdb/Backup/arduino-bin/arduino-1.8.19/portable/packages/esp32/tools/esp-x32/2302/xtensa-esp32-elf/include/c++/12.2.0/bits/stl_algobase.h:65,
                 from /media/curious/9665c0c6-19d2-4c58-b6dd-42d9d344dfdb/Backup/arduino-bin/arduino-1.8.19/portable/packages/esp32/tools/esp-x32/2302/xtensa-esp32-elf/include/c++/12.2.0/bits/specfun.h:45,
                 from /media/curious/9665c0c6-19d2-4c58-b6dd-42d9d344dfdb/Backup/arduino-bin/arduino-1.8.19/portable/packages/esp32/tools/esp-x32/2302/xtensa-esp32-elf/include/c++/12.2.0/cmath:1935,
                 from /media/curious/9665c0c6-19d2-4c58-b6dd-42d9d344dfdb/Backup/arduino-bin/arduino-1.8.19/portable/packages/esp32/tools/esp-x32/2302/xtensa-esp32-elf/include/c++/12.2.0/math.h:36,
                 from /media/curious/9665c0c6-19d2-4c58-b6dd-42d9d344dfdb/Backup/arduino-bin/arduino-1.8.19/portable/packages/esp32/hardware/esp32/3.0.5/cores/esp32/esp32-hal.h:30,
                 from /media/curious/9665c0c6-19d2-4c58-b6dd-42d9d344dfdb/Backup/arduino-bin/arduino-1.8.19/portable/packages/esp32/hardware/esp32/3.0.5/cores/esp32/Arduino.h:36:
/media/curious/9665c0c6-19d2-4c58-b6dd-42d9d344dfdb/Backup/arduino-bin/arduino-1.8.19/portable/packages/esp32/tools/esp-x32/2302/xtensa-esp32-elf/include/c++/12.2.0/bits/iterator_concepts.h:952:10: note:   'std::ranges::__cust_access::begin'
  952 |     void begin(const auto&) = delete;
      |          ^~~~~
color_modular:122:32: error: 'end' was not declared in this scope
  122 |             for (auto method : methods) {
      |                                ^~~~~~~
/media/curious/9665c0c6-19d2-4c58-b6dd-42d9d344dfdb/Backup/arduino-bin/arduino-1.8.19/portable/sketchbook/simple_nimh/tests/color_modular/color_modular.ino:122:32: note: suggested alternatives:
/media/curious/9665c0c6-19d2-4c58-b6dd-42d9d344dfdb/Backup/arduino-bin/arduino-1.8.19/portable/packages/esp32/tools/esp-x32/2302/xtensa-esp32-elf/include/c++/12.2.0/bits/range_access.h:116:37: note:   'std::end'
  116 |   template<typename _Tp> const _Tp* end(const valarray<_Tp>&) noexcept;
      |                                     ^~~
/media/curious/9665c0c6-19d2-4c58-b6dd-42d9d344dfdb/Backup/arduino-bin/arduino-1.8.19/portable/packages/esp32/tools/esp-x32/2302/xtensa-esp32-elf/include/c++/12.2.0/bits/ranges_base.h:567:42: note:   'std::ranges::__cust::end'
  567 |     inline constexpr __cust_access::_End end{};
      |                                          ^~~
/media/curious/9665c0c6-19d2-4c58-b6dd-42d9d344dfdb/Backup/arduino-bin/arduino-1.8.19/portable/packages/esp32/tools/esp-x32/2302/xtensa-esp32-elf/include/c++/12.2.0/bits/ranges_base.h:136:10: note:   'std::ranges::__cust_access::end'
  136 |     void end(const auto&) = delete;
      |          ^~~
color_modular:130:40: error: 'GROWTH_EST_BACKWARD_TIME_WINDOW' was not declared in this scope
  130 |             float backwardTimeWindow = GROWTH_EST_BACKWARD_TIME_WINDOW;  // Example: 5 units
      |                                        ^~~~~~~~~~~~~~~~~~~~~~~~~~~~~~~
color_modular:131:39: error: 'GROWTH_EST_FORWARD_TIME_WINDOW' was not declared in this scope
  131 |             float forwardTimeWindow = GROWTH_EST_FORWARD_TIME_WINDOW;    // Example: 2 units
      |                                       ^~~~~~~~~~~~~~~~~~~~~~~~~~~~~~
color_modular:159:9: error: 'graphics' was not declared in this scope; did you mean 'TFTGraphics'?
  159 |         graphics.visualizeGrowthAnalysis(
      |         ^~~~~~~~
      |         TFTGraphics
/media/curious/9665c0c6-19d2-4c58-b6dd-42d9d344dfdb/Backup/arduino-bin/arduino-1.8.19/portable/sketchbook/simple_nimh/tests/color_modular/color_modular.ino: At global scope:
color_modular:176:58: error: no matching function for call to 'ExponentialGrowthDetector::ExponentialGrowthDetector(TFTGraphics*)'
  176 | ExponentialGrowthDetector growthDetector(&graphicsBackend);
      |                                                          ^
/media/curious/9665c0c6-19d2-4c58-b6dd-42d9d344dfdb/Backup/arduino-bin/arduino-1.8.19/portable/sketchbook/simple_nimh/tests/color_modular/color_modular.ino:20:7: note: candidate: 'constexpr ExponentialGrowthDetector::ExponentialGrowthDetector()'
   20 | class ExponentialGrowthDetector {
      |       ^~~~~~~~~~~~~~~~~~~~~~~~~
/media/curious/9665c0c6-19d2-4c58-b6dd-42d9d344dfdb/Backup/arduino-bin/arduino-1.8.19/portable/sketchbook/simple_nimh/tests/color_modular/color_modular.ino:20:7: note:   candidate expects 0 arguments, 1 provided
/media/curious/9665c0c6-19d2-4c58-b6dd-42d9d344dfdb/Backup/arduino-bin/arduino-1.8.19/portable/sketchbook/simple_nimh/tests/color_modular/color_modular.ino:20:7: note: candidate: 'constexpr ExponentialGrowthDetector::ExponentialGrowthDetector(const ExponentialGrowthDetector&)'
/media/curious/9665c0c6-19d2-4c58-b6dd-42d9d344dfdb/Backup/arduino-bin/arduino-1.8.19/portable/sketchbook/simple_nimh/tests/color_modular/color_modular.ino:20:7: note:   no known conversion for argument 1 from 'TFTGraphics*' to 'const ExponentialGrowthDetector&'
/media/curious/9665c0c6-19d2-4c58-b6dd-42d9d344dfdb/Backup/arduino-bin/arduino-1.8.19/portable/sketchbook/simple_nimh/tests/color_modular/color_modular.ino:20:7: note: candidate: 'constexpr ExponentialGrowthDetector::ExponentialGrowthDetector(ExponentialGrowthDetector&&)'
/media/curious/9665c0c6-19d2-4c58-b6dd-42d9d344dfdb/Backup/arduino-bin/arduino-1.8.19/portable/sketchbook/simple_nimh/tests/color_modular/color_modular.ino:20:7: note:   no known conversion for argument 1 from 'TFTGraphics*' to 'ExponentialGrowthDetector&&'
exit status 1
'void TFTGraphics::display()' conflicts with a previous declaration
